<?xml version="1.0" encoding="UTF-8"?>
<!-- Generated by org.testng.reporters.JUnitXMLReporter -->
<testsuite ignored="0" hostname="DESKTOP-SOSRCM3" failures="2" tests="5" name="Test" time="16.787" errors="0" timestamp="2020-07-02T15:27:36 IST">
  <testcase classname="training.TestNG01" name="test1" time="0.016">
    <failure type="java.lang.AssertionError" message="Assetion failed expected [500] but found [200]">
      <![CDATA[java.lang.AssertionError: Assetion failed expected [500] but found [200]
at training.TestNG01.test1(TestNG01.java:19)
at java.base/java.util.ArrayList.forEach(ArrayList.java:1540)
... Removed 31 stack frames]]>
    </failure>
  </testcase> <!-- test1 -->
  <testcase classname="training.TestNG01" name="test2" time="0.003"/>
  <testcase classname="training.TestNG01" name="test3" time="0.002"/>
  <testcase classname="training.TestNG01" name="test4" time="0.004"/>
  <testcase classname="com.training.TestCases.TestCase01" name="tittlevalidation" time="2.01">
    <failure type="java.lang.AssertionError" message="expected [Google] but found [Rediff.com: News | Rediffmail | Stock Quotes | Shopping]">
      <![CDATA[java.lang.AssertionError: expected [Google] but found [Rediff.com: News | Rediffmail | Stock Quotes | Shopping]
at com.training.TestCases.TestCase01.tittlevalidation(TestCase01.java:36)
at java.base/java.util.ArrayList.forEach(ArrayList.java:1540)
... Removed 32 stack frames]]>
    </failure>
  </testcase> <!-- tittlevalidation -->
</testsuite> <!-- Test -->
