<?xml version="1.0" encoding="UTF-8"?>
<testsuite xmlns:xsi="http://www.w3.org/2001/XMLSchema-instance" xsi:noNamespaceSchemaLocation="https://maven.apache.org/surefire/maven-surefire-plugin/xsd/surefire-test-report-3.0.xsd" version="3.0" name="TestSuite" time="12.321" tests="5" errors="0" skipped="0" failures="2">
  <properties>
[...]
</properties>
  <testcase name="test1" classname="training.TestNG01" time="0.018">
    <failure message="Assetion failed expected [500] but found [200]" type="java.lang.AssertionError"><![CDATA[java.lang.AssertionError: Assetion failed expected [500] but found [200]
	at training.TestNG01.test1(TestNG01.java:19)
]]></failure>
    <system-out><![CDATA[Prasanth
test@123
chrome
Property is read properly
500
]]></system-out>
  </testcase>
  <testcase name="test2" classname="training.TestNG01" time="0.003"/>
  <testcase name="test3" classname="training.TestNG01" time="0.004"/>
  <testcase name="test4" classname="training.TestNG01" time="0.003"/>
  <testcase name="tittlevalidation" classname="com.training.TestCases.TestCase01" time="2.01">
    <failure message="expected [Google] but found [Rediff.com: News | Rediffmail | Stock Quotes | Shopping]" type="java.lang.AssertionError"><![CDATA[java.lang.AssertionError: expected [Google] but found [Rediff.com: News | Rediffmail | Stock Quotes | Shopping]
	at com.training.TestCases.TestCase01.tittlevalidation(TestCase01.java:36)
]]></failure>
    <system-out><![CDATA[Browser is chrome
Prasanth
test@123
chrome
Property is read properly
Rediff.com: News | Rediffmail | Stock Quotes | Shopping
]]></system-out>
    <system-err><![CDATA[Starting ChromeDriver 83.0.4103.39 (ccbf011cb2d2b19b506d844400483861342c20cd-refs/branch-heads/4103@{#416}) on port 25115
Only local connections are allowed.
Please see https://chromedriver.chromium.org/security-considerations for suggestions on keeping ChromeDriver safe.
ChromeDriver was started successfully.
Jul 02, 2020 3:29:07 PM org.openqa.selenium.remote.ProtocolHandshake createSession
INFO: Detected dialect: W3C
]]></system-err>
  </testcase>
</testsuite>